Arguments: 
  /Users/silviopaganini/.nvm/versions/node/v9.4.0/bin/node /usr/local/Cellar/yarn/1.6.0/libexec/bin/yarn.js

PATH: 
  ~/Library/Python/3.6/bin:./node_modules/.bin/:/Users/silviopaganini/.nvm/versions/node/v9.4.0/bin:/usr/local/bin:/usr/bin:/bin:/usr/sbin:/sbin:/opt/X11/bin:/Library/Frameworks/Mono.framework/Versions/Current/Commands:/Users/silviopaganini/go//bin

Yarn version: 
  1.6.0

Node version: 
  9.4.0

Platform: 
  darwin x64

Trace: 
  SyntaxError: /Volumes/Data/Workspace/fluuu.id/projects/spinnup/package.json: Unexpected token } in JSON at position 1116
      at JSON.parse (<anonymous>)
      at /usr/local/Cellar/yarn/1.6.0/libexec/lib/cli.js:1130:59
      at Generator.next (<anonymous>)
      at step (/usr/local/Cellar/yarn/1.6.0/libexec/lib/cli.js:98:30)
      at /usr/local/Cellar/yarn/1.6.0/libexec/lib/cli.js:109:13
      at <anonymous>

npm manifest: 
  {
    "name": "spinnup",
    "version": "1.0.0",
    "author": "Bruno Imbrizi & Silvio Paganini",
    "license": "ISC",
    "sideEffects": false,
    "repository": {
      "type": "git",
      "url": "https://github.com/fluuuid/spinnup.git"
    },
    "scripts": {
      "start": "webpack-dev-server",
      "dev": "cross-env NODE_ENV=development gulp",
      "serve": "http-server dist",
      "test": "eslint ./src --fix",
      "prod": "cross-env NODE_ENV=production gulp"
    },
    "dependencies": {
      "@brunoimbrizi/controlkit": "0.1.92",
      "async-preloader": "3.0.1",
      "domready": "1.0.8",
      "gsap": "1.18.2",
      "npm-run-all": "4.1.2",
      "sketch-js": "1.1.1",
      "stats.js": "0.17.0",
      "three": "0.92.0",
      "three-trackballcontrols": "0.0.7"
    },
    "devDependencies": {
      "babel-cli": "6.6.0",
      "babel-core": "^6.26.3",
      "babel-loader": "^7.1.4",
      "babel-polyfill": "6.7.4",
      "babel-preset-env": "^1.6.1",
      "eslint": "^4.19.1",
      "glslify": "^6.1.1",
      "glslify-loader": "^1.0.2",
      "raw-loader": "^0.5.1",
      "webpack": "^4.6.0",
      "webpack-cli": "^2.1.2",
      "webpack-dev-server": "^3.1.4"
    },
  }

yarn manifest: 
  No manifest

Lockfile: 
  No lockfile
